<?xml version="1.0" encoding="UTF-8"?>
<!-- Generated by org.testng.reporters.JUnitReportReporter -->
<testsuite skipped="0" hostname="kolla-PC" name="com.ebanking.testcases.Registration" tests="1" failures="0" timestamp="25 Sep 2022 10:33:43 GMT" time="4.548" errors="0">
  <testcase name="registerater" time="4.548" classname="com.ebanking.testcases.Registration"/>
</testsuite> <!-- com.ebanking.testcases.Registration -->
