<?xml version="1.0" encoding="UTF-8"?>
<!-- Generated by org.testng.reporters.JUnitReportReporter -->
<testsuite skipped="0" hostname="kolla-PC" name="com.ebanking.testcases.RegistrationTest" tests="1" failures="0" timestamp="25 Sep 2022 12:41:44 GMT" time="4.460" errors="0">
  <testcase name="registerater" time="4.460" classname="com.ebanking.testcases.RegistrationTest"/>
</testsuite> <!-- com.ebanking.testcases.RegistrationTest -->
