<?xml version="1.0" encoding="UTF-8"?>
<!-- Generated by org.testng.reporters.JUnitReportReporter -->
<testsuite skipped="0" hostname="kolla-PC" name="com.ebanking.testcases.RegistrationTest" tests="1" failures="0" timestamp="29 Sep 2022 12:38:40 GMT" time="14.322" errors="0">
  <testcase name="registerater" time="14.322" classname="com.ebanking.testcases.RegistrationTest"/>
</testsuite> <!-- com.ebanking.testcases.RegistrationTest -->
